#
# There is insufficient memory for the Java Runtime Environment to continue.
# Native memory allocation (malloc) failed to allocate 1044256 bytes for Chunk::new
# Possible reasons:
#   The system is out of physical RAM or swap space
#   The process is running with CompressedOops enabled, and the Java Heap may be blocking the growth of the native heap
# Possible solutions:
#   Reduce memory load on the system
#   Increase physical memory or swap space
#   Check if swap backing store is full
#   Decrease Java heap size (-Xmx/-Xms)
#   Decrease number of Java threads
#   Decrease Java thread stack sizes (-Xss)
#   Set larger code cache with -XX:ReservedCodeCacheSize=
#   JVM is running with Zero Based Compressed Oops mode in which the Java heap is
#     placed in the first 32GB address space. The Java Heap base address is the
#     maximum limit for the native heap growth. Please use -XX:HeapBaseMinAddress
#     to set the Java Heap base and to place the Java Heap above 32GB virtual address.
# This output file may be truncated or incomplete.
#
#  Out of Memory Error (arena.cpp:184), pid=2464, tid=14080
#
# JRE version: Java(TM) SE Runtime Environment (18.0.1.1+2) (build 18.0.1.1+2-6)
# Java VM: Java HotSpot(TM) 64-Bit Server VM (18.0.1.1+2-6, mixed mode, sharing, tiered, compressed oops, compressed class ptrs, g1 gc, windows-amd64)
# No core dump will be written. Minidumps are not enabled by default on client versions of Windows
#

---------------  S U M M A R Y ------------

Command Line: -agentlib:jdwp=transport=dt_socket,address=127.0.0.1:54343,suspend=y,server=n -javaagent:C:\Users\logonrmlocal\AppData\Local\JetBrains\IdeaIC2022.1\captureAgent\debugger-agent.jar -Dfile.encoding=UTF-8 com.example.demo.DemoApplication

Host: Intel(R) Core(TM) i5-2400 CPU @ 3.10GHz, 4 cores, 15G,  Windows 10 , 64 bit Build 19041 (10.0.19041.1806)
Time: Wed Mar 29 22:28:16 2023 Tocantins Standard Time elapsed time: 13.748700 seconds (0d 0h 0m 13s)

---------------  T H R E A D  ---------------

Current thread (0x000001cb6d0a9470):  JavaThread "C2 CompilerThread0" daemon [_thread_in_native, id=14080, stack(0x0000001be5900000,0x0000001be5a00000)]


Current CompileTask:
C2:  13748 5475       4       org.springframework.beans.factory.support.AbstractBeanFactory::isTypeMatch (619 bytes)

Stack: [0x0000001be5900000,0x0000001be5a00000]
Native frames: (J=compiled Java code, j=interpreted, Vv=VM code, C=native code)
V  [jvm.dll+0x69887a]
V  [jvm.dll+0x7f38bd]
V  [jvm.dll+0x7f51ce]
V  [jvm.dll+0x7f5883]
V  [jvm.dll+0x25ca3f]
V  [jvm.dll+0xb8c2f]
V  [jvm.dll+0xb8fa5]
V  [jvm.dll+0x2c794f]
V  [jvm.dll+0x5a05b0]
V  [jvm.dll+0x238398]
V  [jvm.dll+0x2319c5]
V  [jvm.dll+0x22eeeb]
V  [jvm.dll+0x1b9cfc]
V  [jvm.dll+0x23e8ca]
V  [jvm.dll+0x23cbb5]
V  [jvm.dll+0x7a5fb1]
V  [jvm.dll+0x7a03ea]
V  [jvm.dll+0x697725]
C  [ucrtbase.dll+0x21bb2]
C  [KERNEL32.DLL+0x17034]
C  [ntdll.dll+0x52651]


---------------  P R O C E S S  ---------------

Threads class SMR info:
_java_thread_list=0x000001cb7910df00, length=24, elements={
0x000001cb48c874a0, 0x000001cb6d07fab0, 0x000001cb6d080f20, 0x000001cb6d09db90,
0x000001cb6d09f450, 0x000001cb6d09fdf0, 0x000001cb6d0a87a0, 0x000001cb6d0a9470,
0x000001cb6d0ae360, 0x000001cb6d0c1510, 0x000001cb7149fc20, 0x000001cb7151e2b0,
0x000001cb7161e3a0, 0x000001cb7152b300, 0x000001cb7149d0d0, 0x000001cb7149d5a0,
0x000001cb7149f750, 0x000001cb7149e8e0, 0x000001cb72317d60, 0x000001cb72315bb0,
0x000001cb72313060, 0x000001cb72317890, 0x000001cb723156e0, 0x000001cb71a51700
}

Java Threads: ( => current thread )
  0x000001cb48c874a0 JavaThread "main" [_thread_blocked, id=12804, stack(0x0000001be4c00000,0x0000001be4d00000)]
  0x000001cb6d07fab0 JavaThread "Reference Handler" daemon [_thread_blocked, id=14240, stack(0x0000001be5300000,0x0000001be5400000)]
  0x000001cb6d080f20 JavaThread "Finalizer" daemon [_thread_blocked, id=14536, stack(0x0000001be5400000,0x0000001be5500000)]
  0x000001cb6d09db90 JavaThread "Signal Dispatcher" daemon [_thread_blocked, id=14488, stack(0x0000001be5500000,0x0000001be5600000)]
  0x000001cb6d09f450 JavaThread "Attach Listener" daemon [_thread_blocked, id=7768, stack(0x0000001be5600000,0x0000001be5700000)]
  0x000001cb6d09fdf0 JavaThread "Service Thread" daemon [_thread_blocked, id=10928, stack(0x0000001be5700000,0x0000001be5800000)]
  0x000001cb6d0a87a0 JavaThread "Monitor Deflation Thread" daemon [_thread_blocked, id=5124, stack(0x0000001be5800000,0x0000001be5900000)]
=>0x000001cb6d0a9470 JavaThread "C2 CompilerThread0" daemon [_thread_in_native, id=14080, stack(0x0000001be5900000,0x0000001be5a00000)]
  0x000001cb6d0ae360 JavaThread "C1 CompilerThread0" daemon [_thread_blocked, id=2836, stack(0x0000001be5a00000,0x0000001be5b00000)]
  0x000001cb6d0c1510 JavaThread "Sweeper thread" daemon [_thread_blocked, id=14108, stack(0x0000001be5b00000,0x0000001be5c00000)]
  0x000001cb7149fc20 JavaThread "Common-Cleaner" daemon [_thread_blocked, id=11628, stack(0x0000001be5c00000,0x0000001be5d00000)]
  0x000001cb7151e2b0 JavaThread "JDWP Transport Listener: dt_socket" daemon [_thread_blocked, id=13880, stack(0x0000001be5d00000,0x0000001be5e00000)]
  0x000001cb7161e3a0 JavaThread "JDWP Event Helper Thread" daemon [_thread_blocked, id=10816, stack(0x0000001be5e00000,0x0000001be5f00000)]
  0x000001cb7152b300 JavaThread "JDWP Command Reader" daemon [_thread_in_native, id=14576, stack(0x0000001be5f00000,0x0000001be6000000)]
  0x000001cb7149d0d0 JavaThread "Notification Thread" daemon [_thread_blocked, id=3464, stack(0x0000001be6000000,0x0000001be6100000)]
  0x000001cb7149d5a0 JavaThread "Thread-0" [_thread_blocked, id=7544, stack(0x0000001be6500000,0x0000001be6600000)]
  0x000001cb7149f750 JavaThread "restartedMain" [_thread_in_native, id=7908, stack(0x0000001be6600000,0x0000001be6700000)]
  0x000001cb7149e8e0 JavaThread "Catalina-utility-1" [_thread_blocked, id=12884, stack(0x0000001be6900000,0x0000001be6a00000)]
  0x000001cb72317d60 JavaThread "Catalina-utility-2" [_thread_blocked, id=12340, stack(0x0000001be6a00000,0x0000001be6b00000)]
  0x000001cb72315bb0 JavaThread "container-0" [_thread_blocked, id=12412, stack(0x0000001be6b00000,0x0000001be6c00000)]
  0x000001cb72313060 JavaThread "mysql-cj-abandoned-connection-cleanup" daemon [_thread_blocked, id=9724, stack(0x0000001be6c00000,0x0000001be6d00000)]
  0x000001cb72317890 JavaThread "HikariPool-1 housekeeper" daemon [_thread_blocked, id=14340, stack(0x0000001be6e00000,0x0000001be6f00000)]
  0x000001cb723156e0 JavaThread "HikariPool-1 connection adder" daemon [_thread_blocked, id=6720, stack(0x0000001be6f00000,0x0000001be7000000)]
  0x000001cb71a51700 JavaThread "C2 CompilerThread1" daemon [_thread_in_native, id=8032, stack(0x0000001be6700000,0x0000001be6800000)]

Other Threads:
  0x000001cb48d0ca50 VMThread "VM Thread" [stack: 0x0000001be5200000,0x0000001be5300000] [id=4240]
  0x000001cb7154c9a0 WatcherThread "VM Periodic Task Thread" [stack: 0x0000001be6100000,0x0000001be6200000] [id=2124]
  0x000001cb48cf3b30 WorkerThread "GC Thread#0" [stack: 0x0000001be4d00000,0x0000001be4e00000] [id=1456]
  0x000001cb71a7d330 WorkerThread "GC Thread#1" [stack: 0x0000001be6200000,0x0000001be6300000] [id=11452]
  0x000001cb71a04d60 WorkerThread "GC Thread#2" [stack: 0x0000001be6300000,0x0000001be6400000] [id=10016]
  0x000001cb71a05000 WorkerThread "GC Thread#3" [stack: 0x0000001be6400000,0x0000001be6500000] [id=7480]
  0x000001cb48d048b0 ConcurrentGCThread "G1 Main Marker" [stack: 0x0000001be4e00000,0x0000001be4f00000] [id=10148]
  0x000001cb48d052a0 WorkerThread "G1 Conc#0" [stack: 0x0000001be4f00000,0x0000001be5000000] [id=12244]
  0x000001cb48d3e870 ConcurrentGCThread "G1 Refine#0" [stack: 0x0000001be5000000,0x0000001be5100000] [id=13216]
  0x000001cb72f40330 ConcurrentGCThread "G1 Refine#1" [stack: 0x0000001be6800000,0x0000001be6900000] [id=13140]
  0x000001cb6cf3b320 ConcurrentGCThread "G1 Service" [stack: 0x0000001be5100000,0x0000001be5200000] [id=13220]

Threads with active compile tasks:
C2 CompilerThread0    13778 5475       4       org.springframework.beans.factory.support.AbstractBeanFactory::isTypeMatch (619 bytes)
C2 CompilerThread1    13779 5376   !   4       org.springframework.core.annotation.AnnotationsScanner::processMethodHierarchy (276 bytes)

VM state: not at safepoint (normal execution)

VM Mutex/Monitor currently owned by a thread: None

Heap address: 0x0000000701c00000, size: 4068 MB, Compressed Oops mode: Zero based, Oop shift amount: 3

CDS archive(s) mapped at: [0x0000000800000000-0x0000000800ba0000-0x0000000800ba0000), size 12189696, SharedBaseAddress: 0x0000000800000000, ArchiveRelocationMode: 0.
Compressed class space mapped at: 0x0000000800c00000-0x0000000840c00000, reserved size: 1073741824
Narrow klass base: 0x0000000800000000, Narrow klass shift: 0, Narrow klass range: 0x100000000

GC Precious Log:
 CardTable entry size: 512
 Card Set container configuration: InlinePtr #cards 4 size 8 Array Of Cards #cards 16 size 48 Howl #buckets 8 coarsen threshold 3686 Howl Bitmap #cards 512 size 80 coarsen threshold 460 Card regions per heap region 1 cards per card region 4096
 CPUs: 4 total, 4 available
 Memory: 16264M
 Large Page Support: Disabled
 NUMA Support: Disabled
 Compressed Oops: Enabled (Zero based)
 Heap Region Size: 2M
 Heap Min Capacity: 8M
 Heap Initial Capacity: 256M
 Heap Max Capacity: 4068M
 Pre-touch: Disabled
 Parallel Workers: 4
 Concurrent Workers: 1
 Concurrent Refinement Workers: 4
 Periodic GC: Disabled

Heap:
 garbage-first heap   total 159744K, used 87313K [0x0000000701c00000, 0x0000000800000000)
  region size 2048K, 36 young (73728K), 1 survivors (2048K)
 Metaspace       used 58434K, committed 59008K, reserved 1114112K
  class space    used 7583K, committed 7872K, reserved 1048576K

Heap Regions: E=young(eden), S=young(survivor), O=old, HS=humongous(starts), HC=humongous(continues), CS=collection set, F=free, OA=open archive, CA=closed archive, TAMS=top-at-mark-start (previous, next)
|   0|0x0000000701c00000, 0x0000000701e00000, 0x0000000701e00000|100%| O|  |TAMS 0x0000000701e00000, 0x0000000701c00000| Untracked 
|   1|0x0000000701e00000, 0x0000000702000000, 0x0000000702000000|100%| O|  |TAMS 0x0000000702000000, 0x0000000701e00000| Untracked 
|   2|0x0000000702000000, 0x0000000702200000, 0x0000000702200000|100%| O|  |TAMS 0x0000000702000000, 0x0000000702000000| Untracked 
|   3|0x0000000702200000, 0x0000000702400000, 0x0000000702400000|100%| O|  |TAMS 0x0000000702400000, 0x0000000702200000| Untracked 
|   4|0x0000000702400000, 0x0000000702600000, 0x0000000702600000|100%| O|  |TAMS 0x0000000702600000, 0x0000000702400000| Untracked 
|   5|0x0000000702600000, 0x0000000702800000, 0x0000000702800000|100%| O|  |TAMS 0x0000000702800000, 0x0000000702600000| Untracked 
|   6|0x0000000702800000, 0x0000000702a00000, 0x0000000702a00000|100%| O|  |TAMS 0x0000000702a00000, 0x0000000702800000| Untracked 
|   7|0x0000000702a00000, 0x0000000702a00000, 0x0000000702c00000|  0%| F|  |TAMS 0x0000000702a00000, 0x0000000702a00000| Untracked 
|   8|0x0000000702c00000, 0x0000000702e00000, 0x0000000702e00000|100%| O|  |TAMS 0x0000000702c00000, 0x0000000702c00000| Untracked 
|   9|0x0000000702e00000, 0x0000000703000000, 0x0000000703000000|100%| O|  |TAMS 0x0000000702e00000, 0x0000000702e00000| Untracked 
|  10|0x0000000703000000, 0x0000000703000000, 0x0000000703200000|  0%| F|  |TAMS 0x0000000703000000, 0x0000000703000000| Untracked 
|  11|0x0000000703200000, 0x0000000703200000, 0x0000000703400000|  0%| F|  |TAMS 0x0000000703200000, 0x0000000703200000| Untracked 
|  12|0x0000000703400000, 0x0000000703400000, 0x0000000703600000|  0%| F|  |TAMS 0x0000000703400000, 0x0000000703400000| Untracked 
|  13|0x0000000703600000, 0x0000000703600000, 0x0000000703800000|  0%| F|  |TAMS 0x0000000703600000, 0x0000000703600000| Untracked 
|  14|0x0000000703800000, 0x0000000703944520, 0x0000000703a00000| 63%| S|CS|TAMS 0x0000000703800000, 0x0000000703800000| Complete 
|  15|0x0000000703a00000, 0x0000000703a00000, 0x0000000703c00000|  0%| F|  |TAMS 0x0000000703a00000, 0x0000000703a00000| Untracked 
|  16|0x0000000703c00000, 0x0000000703c00000, 0x0000000703e00000|  0%| F|  |TAMS 0x0000000703c00000, 0x0000000703c00000| Untracked 
|  17|0x0000000703e00000, 0x0000000703e00000, 0x0000000704000000|  0%| F|  |TAMS 0x0000000703e00000, 0x0000000703e00000| Untracked 
|  18|0x0000000704000000, 0x0000000704000000, 0x0000000704200000|  0%| F|  |TAMS 0x0000000704000000, 0x0000000704000000| Untracked 
|  19|0x0000000704200000, 0x0000000704200000, 0x0000000704400000|  0%| F|  |TAMS 0x0000000704200000, 0x0000000704200000| Untracked 
|  20|0x0000000704400000, 0x0000000704400000, 0x0000000704600000|  0%| F|  |TAMS 0x0000000704400000, 0x0000000704400000| Untracked 
|  21|0x0000000704600000, 0x0000000704600000, 0x0000000704800000|  0%| F|  |TAMS 0x0000000704600000, 0x0000000704600000| Untracked 
|  22|0x0000000704800000, 0x0000000704800000, 0x0000000704a00000|  0%| F|  |TAMS 0x0000000704800000, 0x0000000704800000| Untracked 
|  23|0x0000000704a00000, 0x0000000704a00000, 0x0000000704c00000|  0%| F|  |TAMS 0x0000000704a00000, 0x0000000704a00000| Untracked 
|  24|0x0000000704c00000, 0x0000000704c00000, 0x0000000704e00000|  0%| F|  |TAMS 0x0000000704c00000, 0x0000000704c00000| Untracked 
|  25|0x0000000704e00000, 0x0000000704e00000, 0x0000000705000000|  0%| F|  |TAMS 0x0000000704e00000, 0x0000000704e00000| Untracked 
|  26|0x0000000705000000, 0x0000000705000000, 0x0000000705200000|  0%| F|  |TAMS 0x0000000705000000, 0x0000000705000000| Untracked 
|  27|0x0000000705200000, 0x0000000705200000, 0x0000000705400000|  0%| F|  |TAMS 0x0000000705200000, 0x0000000705200000| Untracked 
|  28|0x0000000705400000, 0x0000000705400000, 0x0000000705600000|  0%| F|  |TAMS 0x0000000705400000, 0x0000000705400000| Untracked 
|  29|0x0000000705600000, 0x0000000705600000, 0x0000000705800000|  0%| F|  |TAMS 0x0000000705600000, 0x0000000705600000| Untracked 
|  30|0x0000000705800000, 0x0000000705800000, 0x0000000705a00000|  0%| F|  |TAMS 0x0000000705800000, 0x0000000705800000| Untracked 
|  31|0x0000000705a00000, 0x0000000705a00000, 0x0000000705c00000|  0%| F|  |TAMS 0x0000000705a00000, 0x0000000705a00000| Untracked 
|  32|0x0000000705c00000, 0x0000000705c00000, 0x0000000705e00000|  0%| F|  |TAMS 0x0000000705c00000, 0x0000000705c00000| Untracked 
|  33|0x0000000705e00000, 0x0000000705e00000, 0x0000000706000000|  0%| F|  |TAMS 0x0000000705e00000, 0x0000000705e00000| Untracked 
|  34|0x0000000706000000, 0x0000000706000000, 0x0000000706200000|  0%| F|  |TAMS 0x0000000706000000, 0x0000000706000000| Untracked 
|  35|0x0000000706200000, 0x0000000706200000, 0x0000000706400000|  0%| F|  |TAMS 0x0000000706200000, 0x0000000706200000| Untracked 
|  36|0x0000000706400000, 0x0000000706400000, 0x0000000706600000|  0%| F|  |TAMS 0x0000000706400000, 0x0000000706400000| Untracked 
|  37|0x0000000706600000, 0x0000000706600000, 0x0000000706800000|  0%| F|  |TAMS 0x0000000706600000, 0x0000000706600000| Untracked 
|  38|0x0000000706800000, 0x0000000706800000, 0x0000000706a00000|  0%| F|  |TAMS 0x0000000706800000, 0x0000000706800000| Untracked 
|  39|0x0000000706a00000, 0x0000000706a00000, 0x0000000706c00000|  0%| F|  |TAMS 0x0000000706a00000, 0x0000000706a00000| Untracked 
|  40|0x0000000706c00000, 0x0000000706c00000, 0x0000000706e00000|  0%| F|  |TAMS 0x0000000706c00000, 0x0000000706c00000| Untracked 
|  41|0x0000000706e00000, 0x0000000706e00000, 0x0000000707000000|  0%| F|  |TAMS 0x0000000706e00000, 0x0000000706e00000| Untracked 
|  42|0x0000000707000000, 0x0000000707000000, 0x0000000707200000|  0%| F|  |TAMS 0x0000000707000000, 0x0000000707000000| Untracked 
|  43|0x0000000707200000, 0x000000070730a7c0, 0x0000000707400000| 52%| E|  |TAMS 0x0000000707200000, 0x0000000707200000| Complete 
|  44|0x0000000707400000, 0x0000000707600000, 0x0000000707600000|100%| E|CS|TAMS 0x0000000707400000, 0x0000000707400000| Complete 
|  45|0x0000000707600000, 0x0000000707800000, 0x0000000707800000|100%| E|CS|TAMS 0x0000000707600000, 0x0000000707600000| Complete 
|  46|0x0000000707800000, 0x0000000707a00000, 0x0000000707a00000|100%| E|CS|TAMS 0x0000000707800000, 0x0000000707800000| Complete 
|  47|0x0000000707a00000, 0x0000000707c00000, 0x0000000707c00000|100%| E|CS|TAMS 0x0000000707a00000, 0x0000000707a00000| Complete 
|  48|0x0000000707c00000, 0x0000000707e00000, 0x0000000707e00000|100%| E|CS|TAMS 0x0000000707c00000, 0x0000000707c00000| Complete 
|  49|0x0000000707e00000, 0x0000000708000000, 0x0000000708000000|100%| E|CS|TAMS 0x0000000707e00000, 0x0000000707e00000| Complete 
|  50|0x0000000708000000, 0x0000000708200000, 0x0000000708200000|100%| E|CS|TAMS 0x0000000708000000, 0x0000000708000000| Complete 
|  51|0x0000000708200000, 0x0000000708400000, 0x0000000708400000|100%| E|CS|TAMS 0x0000000708200000, 0x0000000708200000| Complete 
|  52|0x0000000708400000, 0x0000000708600000, 0x0000000708600000|100%| E|CS|TAMS 0x0000000708400000, 0x0000000708400000| Complete 
|  53|0x0000000708600000, 0x0000000708800000, 0x0000000708800000|100%| E|CS|TAMS 0x0000000708600000, 0x0000000708600000| Complete 
|  54|0x0000000708800000, 0x0000000708a00000, 0x0000000708a00000|100%| E|CS|TAMS 0x0000000708800000, 0x0000000708800000| Complete 
|  55|0x0000000708a00000, 0x0000000708c00000, 0x0000000708c00000|100%| E|CS|TAMS 0x0000000708a00000, 0x0000000708a00000| Complete 
|  56|0x0000000708c00000, 0x0000000708e00000, 0x0000000708e00000|100%| E|CS|TAMS 0x0000000708c00000, 0x0000000708c00000| Complete 
|  57|0x0000000708e00000, 0x0000000709000000, 0x0000000709000000|100%| E|CS|TAMS 0x0000000708e00000, 0x0000000708e00000| Complete 
|  58|0x0000000709000000, 0x0000000709200000, 0x0000000709200000|100%| E|CS|TAMS 0x0000000709000000, 0x0000000709000000| Complete 
|  59|0x0000000709200000, 0x0000000709400000, 0x0000000709400000|100%| E|CS|TAMS 0x0000000709200000, 0x0000000709200000| Complete 
|  60|0x0000000709400000, 0x0000000709600000, 0x0000000709600000|100%| E|CS|TAMS 0x0000000709400000, 0x0000000709400000| Complete 
|  61|0x0000000709600000, 0x0000000709800000, 0x0000000709800000|100%| E|CS|TAMS 0x0000000709600000, 0x0000000709600000| Complete 
|  62|0x0000000709800000, 0x0000000709a00000, 0x0000000709a00000|100%| E|CS|TAMS 0x0000000709800000, 0x0000000709800000| Complete 
|  63|0x0000000709a00000, 0x0000000709c00000, 0x0000000709c00000|100%| E|CS|TAMS 0x0000000709a00000, 0x0000000709a00000| Complete 
|  64|0x0000000709c00000, 0x0000000709e00000, 0x0000000709e00000|100%| E|CS|TAMS 0x0000000709c00000, 0x0000000709c00000| Complete 
|  65|0x0000000709e00000, 0x000000070a000000, 0x000000070a000000|100%| E|CS|TAMS 0x0000000709e00000, 0x0000000709e00000| Complete 
|  66|0x000000070a000000, 0x000000070a200000, 0x000000070a200000|100%| E|CS|TAMS 0x000000070a000000, 0x000000070a000000| Complete 
|  67|0x000000070a200000, 0x000000070a400000, 0x000000070a400000|100%| E|CS|TAMS 0x000000070a200000, 0x000000070a200000| Complete 
|  68|0x000000070a400000, 0x000000070a600000, 0x000000070a600000|100%| E|CS|TAMS 0x000000070a400000, 0x000000070a400000| Complete 
|  69|0x000000070a600000, 0x000000070a800000, 0x000000070a800000|100%| E|  |TAMS 0x000000070a600000, 0x000000070a600000| Complete 
|  70|0x000000070a800000, 0x000000070aa00000, 0x000000070aa00000|100%| E|CS|TAMS 0x000000070a800000, 0x000000070a800000| Complete 
|  71|0x000000070aa00000, 0x000000070ac00000, 0x000000070ac00000|100%| E|CS|TAMS 0x000000070aa00000, 0x000000070aa00000| Complete 
|  72|0x000000070ac00000, 0x000000070ae00000, 0x000000070ae00000|100%| E|CS|TAMS 0x000000070ac00000, 0x000000070ac00000| Complete 
|  91|0x000000070d200000, 0x000000070d400000, 0x000000070d400000|100%| E|CS|TAMS 0x000000070d200000, 0x000000070d200000| Complete 
|  92|0x000000070d400000, 0x000000070d600000, 0x000000070d600000|100%| E|CS|TAMS 0x000000070d400000, 0x000000070d400000| Complete 
|  93|0x000000070d600000, 0x000000070d800000, 0x000000070d800000|100%| E|CS|TAMS 0x000000070d600000, 0x000000070d600000| Complete 
|  94|0x000000070d800000, 0x000000070da00000, 0x000000070da00000|100%| E|CS|TAMS 0x000000070d800000, 0x000000070d800000| Complete 
| 127|0x0000000711a00000, 0x0000000711c00000, 0x0000000711c00000|100%| E|CS|TAMS 0x0000000711a00000, 0x0000000711a00000| Complete 

Card table byte_map: [0x000001cb61bd0000,0x000001cb623d0000] _byte_map_base: 0x000001cb5e3c2000

Marking Bits (Prev, Next): (CMBitMap*) 0x000001cb48cf4140, (CMBitMap*) 0x000001cb48cf4180
 Prev Bits: [0x000001cb62bd0000, 0x000001cb66b60000)
 Next Bits: [0x000001cb66b60000, 0x000001cb6aaf0000)

Polling page: 0x000001cb48ad0000

Metaspace:

Usage:
  Non-class:     49.67 MB used.
      Class:      7.41 MB used.
       Both:     57.07 MB used.

Virtual space:
  Non-class space:       64.00 MB reserved,      50.00 MB ( 78%) committed,  1 nodes.
      Class space:        1.00 GB reserved,       7.69 MB ( <1%) committed,  1 nodes.
             Both:        1.06 GB reserved,      57.69 MB (  5%) committed. 

Chunk freelists:
   Non-Class:  1.67 MB
       Class:  224.00 KB
        Both:  1.89 MB

MaxMetaspaceSize: unlimited
CompressedClassSpaceSize: 1.00 GB
Initial GC threshold: 21.00 MB
Current GC threshold: 58.75 MB
CDS: on
MetaspaceReclaimPolicy: balanced
 - commit_granule_bytes: 65536.
 - commit_granule_words: 8192.
 - virtual_space_node_default_size: 8388608.
 - enlarge_chunks_in_place: 1.
 - new_chunks_are_fully_committed: 0.
 - uncommit_free_chunks: 1.
 - use_allocation_guard: 0.


Internal statistics:

num_allocs_failed_limit: 6.
num_arena_births: 780.
num_arena_deaths: 0.
num_vsnodes_births: 2.
num_vsnodes_deaths: 0.
num_space_committed: 923.
num_space_uncommitted: 0.
num_chunks_returned_to_freelist: 6.
num_chunks_taken_from_freelist: 2726.
num_chunk_merges: 3.
num_chunk_splits: 1995.
num_chunks_enlarged: 1627.
num_inconsistent_stats: 0.

CodeHeap 'non-profiled nmethods': size=120000Kb used=3208Kb max_used=3208Kb free=116791Kb
 bounds [0x000001cb59880000, 0x000001cb59bc0000, 0x000001cb60db0000]
CodeHeap 'profiled nmethods': size=120000Kb used=9813Kb max_used=10910Kb free=110187Kb
 bounds [0x000001cb52350000, 0x000001cb52e10000, 0x000001cb59880000]
CodeHeap 'non-nmethods': size=5760Kb used=1407Kb max_used=1468Kb free=4353Kb
 bounds [0x000001cb51db0000, 0x000001cb52020000, 0x000001cb52350000]
 total_blobs=5356 nmethods=4701 adapters=567
 compilation: enabled
              stopped_count=0, restarted_count=0
 full_count=0

Compilation events (20 events):
Event: 13.674 Thread 0x000001cb6d0ae360 5489       3       org.springframework.core.MethodClassKey::compareTo (78 bytes)
Event: 13.674 Thread 0x000001cb6d0ae360 nmethod 5489 0x000001cb523e2890 code [0x000001cb523e2ac0, 0x000001cb523e3088]
Event: 13.680 Thread 0x000001cb6d0ae360 5490       3       java.lang.String::repeat (190 bytes)
Event: 13.681 Thread 0x000001cb6d0ae360 nmethod 5490 0x000001cb52c21490 code [0x000001cb52c217a0, 0x000001cb52c22888]
Event: 13.691 Thread 0x000001cb6d0ae360 5491       3       java.lang.NoSuchMethodException::<init> (6 bytes)
Event: 13.691 Thread 0x000001cb6d0ae360 nmethod 5491 0x000001cb523e2390 code [0x000001cb523e2540, 0x000001cb523e2748]
Event: 13.701 Thread 0x000001cb6d0ae360 5492       3       org.springframework.beans.factory.support.AbstractBeanDefinition::prepareMethodOverrides (26 bytes)
Event: 13.702 Thread 0x000001cb6d0ae360 nmethod 5492 0x000001cb523e1990 code [0x000001cb523e1b80, 0x000001cb523e21a8]
Event: 13.704 Thread 0x000001cb6d0ae360 5493   !   3       jdk.proxy2.$Proxy35::annotationType (29 bytes)
Event: 13.704 Thread 0x000001cb6d0ae360 nmethod 5493 0x000001cb5290a290 code [0x000001cb5290a460, 0x000001cb5290a8b8]
Event: 13.705 Thread 0x000001cb6d0ae360 5494       1       org.springframework.beans.factory.support.AbstractAutowireCapableBeanFactory::getParameterNameDiscoverer (5 bytes)
Event: 13.705 Thread 0x000001cb6d0ae360 nmethod 5494 0x000001cb59a78190 code [0x000001cb59a78320, 0x000001cb59a783f8]
Event: 13.707 Thread 0x000001cb6d0ae360 5495       3       java.lang.reflect.Constructor::hashCode (11 bytes)
Event: 13.708 Thread 0x000001cb6d0ae360 nmethod 5495 0x000001cb52909d10 code [0x000001cb52909ec0, 0x000001cb5290a118]
Event: 13.723 Thread 0x000001cb6d0ae360 5496   !   3       org.springframework.beans.factory.annotation.AutowiredAnnotationBeanPostProcessor::findAutowiringMetadata (124 bytes)
Event: 13.723 Thread 0x000001cb6d0ae360 nmethod 5496 0x000001cb52920090 code [0x000001cb52920320, 0x000001cb529212d8]
Event: 13.724 Thread 0x000001cb6d0ae360 5497       3       java.lang.ThreadLocal$ThreadLocalMap::cleanSomeSlots (61 bytes)
Event: 13.724 Thread 0x000001cb6d0ae360 nmethod 5497 0x000001cb52909390 code [0x000001cb52909560, 0x000001cb52909ab8]
Event: 13.725 Thread 0x000001cb6d0ae360 5498       1       org.springframework.core.MethodParameter::initParameterNameDiscovery (6 bytes)
Event: 13.725 Thread 0x000001cb6d0ae360 nmethod 5498 0x000001cb59a77e90 code [0x000001cb59a78020, 0x000001cb59a78138]

GC Heap History (20 events):
Event: 3.914 GC heap before
{Heap before GC invocations=2 (full 0):
 garbage-first heap   total 262144K, used 36421K [0x0000000701c00000, 0x0000000800000000)
  region size 2048K, 16 young (32768K), 1 survivors (2048K)
 Metaspace       used 11258K, committed 11456K, reserved 1114112K
  class space    used 1304K, committed 1408K, reserved 1048576K
}
Event: 3.918 GC heap after
{Heap after GC invocations=3 (full 0):
 garbage-first heap   total 262144K, used 7738K [0x0000000701c00000, 0x0000000800000000)
  region size 2048K, 2 young (4096K), 2 survivors (4096K)
 Metaspace       used 11258K, committed 11456K, reserved 1114112K
  class space    used 1304K, committed 1408K, reserved 1048576K
}
Event: 6.059 GC heap before
{Heap before GC invocations=3 (full 0):
 garbage-first heap   total 262144K, used 67130K [0x0000000701c00000, 0x0000000800000000)
  region size 2048K, 33 young (67584K), 2 survivors (4096K)
 Metaspace       used 21193K, committed 21504K, reserved 1114112K
  class space    used 2544K, committed 2688K, reserved 1048576K
}
Event: 6.067 GC heap after
{Heap after GC invocations=4 (full 0):
 garbage-first heap   total 262144K, used 11677K [0x0000000701c00000, 0x0000000800000000)
  region size 2048K, 4 young (8192K), 4 survivors (8192K)
 Metaspace       used 21193K, committed 21504K, reserved 1114112K
  class space    used 2544K, committed 2688K, reserved 1048576K
}
Event: 7.150 GC heap before
{Heap before GC invocations=5 (full 0):
 garbage-first heap   total 55296K, used 36253K [0x0000000701c00000, 0x0000000800000000)
  region size 2048K, 16 young (32768K), 4 survivors (8192K)
 Metaspace       used 25478K, committed 25920K, reserved 1114112K
  class space    used 3131K, committed 3328K, reserved 1048576K
}
Event: 7.161 GC heap after
{Heap after GC invocations=6 (full 0):
 garbage-first heap   total 55296K, used 14133K [0x0000000701c00000, 0x0000000800000000)
  region size 2048K, 2 young (4096K), 2 survivors (4096K)
 Metaspace       used 25478K, committed 25920K, reserved 1114112K
  class space    used 3131K, committed 3328K, reserved 1048576K
}
Event: 7.245 GC heap before
{Heap before GC invocations=6 (full 0):
 garbage-first heap   total 55296K, used 16181K [0x0000000701c00000, 0x0000000800000000)
  region size 2048K, 3 young (6144K), 2 survivors (4096K)
 Metaspace       used 26071K, committed 26560K, reserved 1114112K
  class space    used 3196K, committed 3456K, reserved 1048576K
}
Event: 7.251 GC heap after
{Heap after GC invocations=7 (full 0):
 garbage-first heap   total 55296K, used 14466K [0x0000000701c00000, 0x0000000800000000)
  region size 2048K, 1 young (2048K), 1 survivors (2048K)
 Metaspace       used 26071K, committed 26560K, reserved 1114112K
  class space    used 3196K, committed 3456K, reserved 1048576K
}
Event: 8.135 GC heap before
{Heap before GC invocations=7 (full 0):
 garbage-first heap   total 55296K, used 34946K [0x0000000701c00000, 0x0000000800000000)
  region size 2048K, 12 young (24576K), 1 survivors (2048K)
 Metaspace       used 29437K, committed 29888K, reserved 1114112K
  class space    used 3607K, committed 3840K, reserved 1048576K
}
Event: 8.139 GC heap after
{Heap after GC invocations=8 (full 0):
 garbage-first heap   total 55296K, used 16018K [0x0000000701c00000, 0x0000000800000000)
  region size 2048K, 1 young (2048K), 1 survivors (2048K)
 Metaspace       used 29437K, committed 29888K, reserved 1114112K
  class space    used 3607K, committed 3840K, reserved 1048576K
}
Event: 9.001 GC heap before
{Heap before GC invocations=8 (full 0):
 garbage-first heap   total 55296K, used 38546K [0x0000000701c00000, 0x0000000800000000)
  region size 2048K, 12 young (24576K), 1 survivors (2048K)
 Metaspace       used 34760K, committed 35264K, reserved 1114112K
  class space    used 4374K, committed 4608K, reserved 1048576K
}
Event: 9.005 GC heap after
{Heap after GC invocations=9 (full 0):
 garbage-first heap   total 55296K, used 17393K [0x0000000701c00000, 0x0000000800000000)
  region size 2048K, 2 young (4096K), 2 survivors (4096K)
 Metaspace       used 34760K, committed 35264K, reserved 1114112K
  class space    used 4374K, committed 4608K, reserved 1048576K
}
Event: 9.099 GC heap before
{Heap before GC invocations=9 (full 0):
 garbage-first heap   total 55296K, used 19441K [0x0000000701c00000, 0x0000000800000000)
  region size 2048K, 4 young (8192K), 2 survivors (4096K)
 Metaspace       used 35514K, committed 35968K, reserved 1114112K
  class space    used 4439K, committed 4672K, reserved 1048576K
}
Event: 9.104 GC heap after
{Heap after GC invocations=10 (full 0):
 garbage-first heap   total 55296K, used 17489K [0x0000000701c00000, 0x0000000800000000)
  region size 2048K, 1 young (2048K), 1 survivors (2048K)
 Metaspace       used 35514K, committed 35968K, reserved 1114112K
  class space    used 4439K, committed 4672K, reserved 1048576K
}
Event: 10.124 GC heap before
{Heap before GC invocations=11 (full 0):
 garbage-first heap   total 55296K, used 37969K [0x0000000701c00000, 0x0000000800000000)
  region size 2048K, 12 young (24576K), 1 survivors (2048K)
 Metaspace       used 42768K, committed 43264K, reserved 1114112K
  class space    used 5336K, committed 5568K, reserved 1048576K
}
Event: 10.128 GC heap after
{Heap after GC invocations=12 (full 0):
 garbage-first heap   total 55296K, used 19018K [0x0000000701c00000, 0x0000000800000000)
  region size 2048K, 2 young (4096K), 2 survivors (4096K)
 Metaspace       used 42768K, committed 43264K, reserved 1114112K
  class space    used 5336K, committed 5568K, reserved 1048576K
}
Event: 10.181 GC heap before
{Heap before GC invocations=12 (full 0):
 garbage-first heap   total 55296K, used 21066K [0x0000000701c00000, 0x0000000800000000)
  region size 2048K, 3 young (6144K), 2 survivors (4096K)
 Metaspace       used 43041K, committed 43584K, reserved 1114112K
  class space    used 5361K, committed 5632K, reserved 1048576K
}
Event: 10.188 GC heap after
{Heap after GC invocations=13 (full 0):
 garbage-first heap   total 55296K, used 18950K [0x0000000701c00000, 0x0000000800000000)
  region size 2048K, 1 young (2048K), 1 survivors (2048K)
 Metaspace       used 43041K, committed 43584K, reserved 1114112K
  class space    used 5361K, committed 5632K, reserved 1048576K
}
Event: 10.872 GC heap before
{Heap before GC invocations=13 (full 0):
 garbage-first heap   total 55296K, used 39430K [0x0000000701c00000, 0x0000000800000000)
  region size 2048K, 12 young (24576K), 1 survivors (2048K)
 Metaspace       used 47515K, committed 48064K, reserved 1114112K
  class space    used 6037K, committed 6272K, reserved 1048576K
}
Event: 10.875 GC heap after
{Heap after GC invocations=14 (full 0):
 garbage-first heap   total 159744K, used 19729K [0x0000000701c00000, 0x0000000800000000)
  region size 2048K, 1 young (2048K), 1 survivors (2048K)
 Metaspace       used 47515K, committed 48064K, reserved 1114112K
  class space    used 6037K, committed 6272K, reserved 1048576K
}

Deoptimization events (20 events):
Event: 13.628 Thread 0x000001cb7149f750 DEOPT PACKING pc=0x000001cb52937e94 sp=0x0000001be66fd3b0
Event: 13.628 Thread 0x000001cb7149f750 DEOPT UNPACKING pc=0x000001cb51e02b43 sp=0x0000001be66fc918 mode 1
Event: 13.628 Thread 0x000001cb7149f750 DEOPT PACKING pc=0x000001cb52937e94 sp=0x0000001be66fd3b0
Event: 13.628 Thread 0x000001cb7149f750 DEOPT UNPACKING pc=0x000001cb51e02b43 sp=0x0000001be66fc918 mode 1
Event: 13.628 Thread 0x000001cb7149f750 DEOPT PACKING pc=0x000001cb52937e94 sp=0x0000001be66fd3b0
Event: 13.628 Thread 0x000001cb7149f750 DEOPT UNPACKING pc=0x000001cb51e02b43 sp=0x0000001be66fc918 mode 1
Event: 13.628 Thread 0x000001cb7149f750 DEOPT PACKING pc=0x000001cb528895cc sp=0x0000001be66fd350
Event: 13.628 Thread 0x000001cb7149f750 DEOPT UNPACKING pc=0x000001cb51e02b43 sp=0x0000001be66fc898 mode 1
Event: 13.691 Thread 0x000001cb7149f750 DEOPT PACKING pc=0x000001cb52937e94 sp=0x0000001be66fdf30
Event: 13.691 Thread 0x000001cb7149f750 DEOPT UNPACKING pc=0x000001cb51e02b43 sp=0x0000001be66fd498 mode 1
Event: 13.691 Thread 0x000001cb7149f750 DEOPT PACKING pc=0x000001cb52937e94 sp=0x0000001be66fdf30
Event: 13.691 Thread 0x000001cb7149f750 DEOPT UNPACKING pc=0x000001cb51e02b43 sp=0x0000001be66fd498 mode 1
Event: 13.699 Thread 0x000001cb7149f750 DEOPT PACKING pc=0x000001cb52937e94 sp=0x0000001be66fdf30
Event: 13.699 Thread 0x000001cb7149f750 DEOPT UNPACKING pc=0x000001cb51e02b43 sp=0x0000001be66fd498 mode 1
Event: 13.699 Thread 0x000001cb7149f750 DEOPT PACKING pc=0x000001cb52937e94 sp=0x0000001be66fdf30
Event: 13.699 Thread 0x000001cb7149f750 DEOPT UNPACKING pc=0x000001cb51e02b43 sp=0x0000001be66fd498 mode 1
Event: 13.713 Thread 0x000001cb7149f750 DEOPT PACKING pc=0x000001cb52937e94 sp=0x0000001be66fdf30
Event: 13.713 Thread 0x000001cb7149f750 DEOPT UNPACKING pc=0x000001cb51e02b43 sp=0x0000001be66fd498 mode 1
Event: 13.713 Thread 0x000001cb7149f750 DEOPT PACKING pc=0x000001cb52937e94 sp=0x0000001be66fdf30
Event: 13.713 Thread 0x000001cb7149f750 DEOPT UNPACKING pc=0x000001cb51e02b43 sp=0x0000001be66fd498 mode 1

Classes loaded (20 events):
Event: 13.695 Loading class org/springframework/jdbc/core/namedparam/ParsedSql
Event: 13.695 Loading class org/springframework/jdbc/core/namedparam/ParsedSql done
Event: 13.695 Loading class org/springframework/jdbc/core/namedparam/ParsedSql
Event: 13.695 Loading class org/springframework/jdbc/core/namedparam/ParsedSql done
Event: 13.696 Loading class org/springframework/jdbc/core/namedparam/ParsedSql
Event: 13.696 Loading class org/springframework/jdbc/core/namedparam/ParsedSql done
Event: 13.697 Loading class org/springframework/jdbc/core/PreparedStatementCreatorFactory
Event: 13.697 Loading class org/springframework/jdbc/core/PreparedStatementCreatorFactory done
Event: 13.702 Loading class org/springframework/scheduling/annotation/SchedulingConfigurer
Event: 13.702 Loading class org/springframework/scheduling/annotation/SchedulingConfigurer done
Event: 13.706 Loading class org/springframework/boot/task/TaskSchedulerCustomizer
Event: 13.706 Loading class org/springframework/boot/task/TaskSchedulerCustomizer done
Event: 13.715 Loading class org/springframework/web/servlet/resource/ResourceUrlEncodingFilter
Event: 13.715 Loading class org/springframework/web/servlet/resource/ResourceUrlEncodingFilter done
Event: 13.718 Loading class org/springframework/jdbc/datasource/DataSourceTransactionManager
Event: 13.718 Loading class org/springframework/jdbc/datasource/DataSourceTransactionManager done
Event: 13.720 Loading class org/springframework/jdbc/support/JdbcTransactionManager
Event: 13.720 Loading class org/springframework/jdbc/support/JdbcTransactionManager done
Event: 13.728 Loading class org/springframework/transaction/support/TransactionCallback
Event: 13.728 Loading class org/springframework/transaction/support/TransactionCallback done

Classes unloaded (0 events):
No events

Classes redefined (0 events):
No events

Internal exceptions (20 events):
Event: 10.863 Thread 0x000001cb7149f750 Exception <a 'java/lang/IncompatibleClassChangeError'{0x0000000703b70db8}: Found class java.lang.Object, but interface was expected> (0x0000000703b70db8) 
thrown [s\open\src\hotspot\share\interpreter\linkResolver.cpp, line 833]
Event: 11.448 Thread 0x000001cb7149f750 Exception <a 'java/lang/NoSuchMethodError'{0x000000070a6f34f0}: 'void java.lang.invoke.DirectMethodHandle$Holder.invokeSpecial(java.lang.Object, java.lang.Object, java.lang.Object, java.lang.Object, java.lang.Object, java.lang.Object, java.lang.Object, java.lang.Object)'> (0x000000070a6f34f0) 
thrown [s\open\src\hotspot\share\interpreter\linkResolver.cpp, line 766]
Event: 11.452 Thread 0x000001cb7149f750 Exception <a 'java/lang/NoSuchMethodError'{0x000000070a718160}: 'java.lang.Object java.lang.invoke.DirectMethodHandle$Holder.newInvokeSpecial(java.lang.Object, java.lang.Object, java.lang.Object, java.lang.Object, java.lang.Object, java.lang.Object, java.lang.Object, int)'> (0x000000070a718160) 
thrown [s\open\src\hotspot\share\interpreter\linkResolver.cpp, line 766]
Event: 11.452 Thread 0x000001cb7149f750 Exception <a 'java/lang/NoSuchMethodError'{0x000000070a71d160}: 'java.lang.Object java.lang.invoke.DirectMethodHandle$Holder.invokeSpecial(java.lang.Object, java.lang.Object, java.lang.Object, java.lang.Object, java.lang.Object, java.lang.Object, java.lang.Object, java.lang.Object, int)'> (0x000000070a71d160) 
thrown [s\open\src\hotspot\share\interpreter\linkResolver.cpp, line 766]
Event: 11.503 Thread 0x000001cb7149f750 Exception <a 'java/lang/NoSuchMethodError'{0x000000070a4aa150}: 'void java.lang.invoke.DirectMethodHandle$Holder.invokeInterface(java.lang.Object, java.lang.Object)'> (0x000000070a4aa150) 
thrown [s\open\src\hotspot\share\interpreter\linkResolver.cpp, line 766]
Event: 11.554 Thread 0x000001cb7149f750 Exception <a 'java/lang/NoSuchMethodError'{0x000000070a278550}: 'java.lang.Object java.lang.invoke.DirectMethodHandle$Holder.newInvokeSpecial(java.lang.Object, java.lang.Object, java.lang.Object, java.lang.Object, java.lang.Object, java.lang.Object, java.lang.Object)'> (0x000000070a278550) 
thrown [s\open\src\hotspot\share\interpreter\linkResolver.cpp, line 766]
Event: 11.680 Thread 0x000001cb7149f750 Exception <a 'java/lang/NoSuchMethodError'{0x000000070a0f8e00}: 'void java.lang.invoke.Invokers$Holder.invokeExact_MT(java.lang.Object, java.lang.Object, java.lang.Object, java.lang.Object)'> (0x000000070a0f8e00) 
thrown [s\open\src\hotspot\share\interpreter\linkResolver.cpp, line 766]
Event: 11.816 Thread 0x000001cb7149f750 Implicit null exception at 0x000001cb599d68c4 to 0x000001cb599d6b0c
Event: 11.904 Thread 0x000001cb7149f750 Implicit null exception at 0x000001cb59a6e2b5 to 0x000001cb59a6fc30
Event: 11.911 Thread 0x000001cb7149f750 Exception <a 'java/lang/IncompatibleClassChangeError'{0x0000000709cc95f8}: Found class java.lang.Object, but interface was expected> (0x0000000709cc95f8) 
thrown [s\open\src\hotspot\share\interpreter\linkResolver.cpp, line 833]
Event: 11.953 Thread 0x000001cb7149f750 Exception <a 'java/lang/IncompatibleClassChangeError'{0x0000000709a62678}: Found class java.lang.Object, but interface was expected> (0x0000000709a62678) 
thrown [s\open\src\hotspot\share\interpreter\linkResolver.cpp, line 833]
Event: 12.364 Thread 0x000001cb7149f750 Exception <a 'java/lang/IncompatibleClassChangeError'{0x00000007095b26d0}: Found class java.lang.Object, but interface was expected> (0x00000007095b26d0) 
thrown [s\open\src\hotspot\share\interpreter\linkResolver.cpp, line 833]
Event: 12.375 Thread 0x000001cb7149f750 Exception <a 'java/lang/NoSuchMethodError'{0x00000007095f7f88}: 'void java.lang.invoke.DirectMethodHandle$Holder.invokeSpecial(java.lang.Object, java.lang.Object, java.lang.Object, java.lang.Object, java.lang.Object, java.lang.Object, java.lang.Object)'> (0x00000007095f7f88) 
thrown [s\open\src\hotspot\share\interpreter\linkResolver.cpp, line 766]
Event: 12.872 Thread 0x000001cb7149f750 Exception <a 'java/lang/NoSuchMethodError'{0x000000070895d1b8}: 'java.lang.Object java.lang.invoke.DirectMethodHandle$Holder.newInvokeSpecial(java.lang.Object, java.lang.Object, java.lang.Object, java.lang.Object, java.lang.Object, java.lang.Object, java.lang.Object, java.lang.Object)'> (0x000000070895d1b8) 
thrown [s\open\src\hotspot\share\interpreter\linkResolver.cpp, line 766]
Event: 13.187 Thread 0x000001cb7149f750 Exception <a 'java/lang/IncompatibleClassChangeError'{0x000000070827d4d8}: Found class java.lang.Object, but interface was expected> (0x000000070827d4d8) 
thrown [s\open\src\hotspot\share\interpreter\linkResolver.cpp, line 833]
Event: 13.254 Thread 0x000001cb7149f750 Exception <a 'java/lang/NoSuchMethodError'{0x0000000708085720}: 'void java.lang.invoke.DirectMethodHandle$Holder.invokeVirtual(java.lang.Object, java.lang.Object, long)'> (0x0000000708085720) 
thrown [s\open\src\hotspot\share\interpreter\linkResolver.cpp, line 766]
Event: 13.426 Thread 0x000001cb7149f750 Exception <a 'java/lang/IncompatibleClassChangeError'{0x0000000707a85d08}: Found class java.lang.Object, but interface was expected> (0x0000000707a85d08) 
thrown [s\open\src\hotspot\share\interpreter\linkResolver.cpp, line 833]
Event: 13.482 Thread 0x000001cb7149f750 Exception <a 'java/lang/NoSuchMethodError'{0x00000007078679e0}: 'int java.lang.invoke.DirectMethodHandle$Holder.invokeStaticInit(java.lang.Object, java.lang.Object, java.lang.Object, java.lang.Object)'> (0x00000007078679e0) 
thrown [s\open\src\hotspot\share\interpreter\linkResolver.cpp, line 766]
Event: 13.488 Thread 0x000001cb7149f750 Implicit null exception at 0x000001cb59a0f45f to 0x000001cb59a0fb44
Event: 13.616 Thread 0x000001cb7149f750 Implicit null exception at 0x000001cb599a30da to 0x000001cb599a3368

VM Operations (20 events):
Event: 11.793 Executing VM operation: ChangeBreakpoints
Event: 11.794 Executing VM operation: ChangeBreakpoints done
Event: 11.829 Executing VM operation: HandshakeAllThreads
Event: 11.835 Executing VM operation: HandshakeAllThreads done
Event: 12.261 Executing VM operation: HandshakeAllThreads
Event: 12.261 Executing VM operation: HandshakeAllThreads done
Event: 12.557 Executing VM operation: HandshakeAllThreads
Event: 12.557 Executing VM operation: HandshakeAllThreads done
Event: 12.558 Executing VM operation: HandshakeAllThreads
Event: 12.558 Executing VM operation: HandshakeAllThreads done
Event: 12.635 Executing VM operation: ICBufferFull
Event: 12.635 Executing VM operation: ICBufferFull done
Event: 13.033 Executing VM operation: HandshakeAllThreads
Event: 13.033 Executing VM operation: HandshakeAllThreads done
Event: 13.184 Executing VM operation: ICBufferFull
Event: 13.184 Executing VM operation: ICBufferFull done
Event: 13.285 Executing VM operation: HandshakeAllThreads
Event: 13.285 Executing VM operation: HandshakeAllThreads done
Event: 13.400 Executing VM operation: HandshakeAllThreads
Event: 13.401 Executing VM operation: HandshakeAllThreads done

Events (20 events):
Event: 11.399 Thread 0x000001cb6d0c1510 flushing nmethod 0x000001cb52c7eb10
Event: 11.399 Thread 0x000001cb6d0c1510 flushing nmethod 0x000001cb52c7ee10
Event: 11.399 Thread 0x000001cb6d0c1510 flushing nmethod 0x000001cb52c7f290
Event: 11.399 Thread 0x000001cb6d0c1510 flushing nmethod 0x000001cb52c7f590
Event: 11.399 Thread 0x000001cb6d0c1510 flushing nmethod 0x000001cb52c82910
Event: 11.399 Thread 0x000001cb6d0c1510 flushing nmethod 0x000001cb52c82c90
Event: 11.399 Thread 0x000001cb6d0c1510 flushing nmethod 0x000001cb52c83c10
Event: 11.399 Thread 0x000001cb6d0c1510 flushing nmethod 0x000001cb52c84f10
Event: 11.400 Thread 0x000001cb6d0c1510 flushing nmethod 0x000001cb52c86210
Event: 11.400 Thread 0x000001cb6d0c1510 flushing nmethod 0x000001cb52c86810
Event: 11.400 Thread 0x000001cb6d0c1510 flushing nmethod 0x000001cb52c86c10
Event: 11.400 Thread 0x000001cb6d0c1510 flushing nmethod 0x000001cb52c87290
Event: 11.400 Thread 0x000001cb6d0c1510 flushing nmethod 0x000001cb52c8fa90
Event: 11.400 Thread 0x000001cb6d0c1510 flushing nmethod 0x000001cb52c91790
Event: 11.400 Thread 0x000001cb6d0c1510 flushing nmethod 0x000001cb52c99e10
Event: 11.400 Thread 0x000001cb6d0c1510 flushing nmethod 0x000001cb52cc7d90
Event: 11.400 Thread 0x000001cb6d0c1510 flushing nmethod 0x000001cb52d43510
Event: 11.400 Thread 0x000001cb6d0c1510 flushing nmethod 0x000001cb52d4de10
Event: 11.797 Thread 0x000001cb7b482770 Thread exited: 0x000001cb7b482770
Event: 11.828 Thread 0x000001cb71a51700 Thread added: 0x000001cb71a51700


Dynamic libraries:
0x00007ff6c0420000 - 0x00007ff6c0430000 	C:\Program Files\Java\jdk-18.0.1.1\bin\java.exe
0x00007ffca87b0000 - 0x00007ffca89a8000 	C:\windows\SYSTEM32\ntdll.dll
0x00007ffca7890000 - 0x00007ffca794d000 	C:\windows\System32\KERNEL32.DLL
0x00007ffca63c0000 - 0x00007ffca668e000 	C:\windows\System32\KERNELBASE.dll
0x00007ffca60f0000 - 0x00007ffca61f0000 	C:\windows\System32\ucrtbase.dll
0x00007ffca0c30000 - 0x00007ffca0c48000 	C:\Program Files\Java\jdk-18.0.1.1\bin\jli.dll
0x00007ffca0c10000 - 0x00007ffca0c2a000 	C:\Program Files\Java\jdk-18.0.1.1\bin\VCRUNTIME140.dll
0x00007ffca84b0000 - 0x00007ffca855e000 	C:\windows\System32\ADVAPI32.dll
0x00007ffca72d0000 - 0x00007ffca736e000 	C:\windows\System32\msvcrt.dll
0x00007ffca69a0000 - 0x00007ffca6a3c000 	C:\windows\System32\sechost.dll
0x00007ffca6870000 - 0x00007ffca6995000 	C:\windows\System32\RPCRT4.dll
0x00007ffca76d0000 - 0x00007ffca7870000 	C:\windows\System32\USER32.dll
0x00007ffca6690000 - 0x00007ffca66b2000 	C:\windows\System32\win32u.dll
0x00007ffca67e0000 - 0x00007ffca680a000 	C:\windows\System32\GDI32.dll
0x00007ffc87290000 - 0x00007ffc8752a000 	C:\windows\WinSxS\amd64_microsoft.windows.common-controls_6595b64144ccf1df_6.0.19041.1110_none_60b5254171f9507e\COMCTL32.dll
0x00007ffca5ea0000 - 0x00007ffca5fab000 	C:\windows\System32\gdi32full.dll
0x00007ffca6740000 - 0x00007ffca67dd000 	C:\windows\System32\msvcp_win.dll
0x00007ffc9c230000 - 0x00007ffc9c23a000 	C:\windows\SYSTEM32\VERSION.dll
0x00007ffca8560000 - 0x00007ffca8590000 	C:\windows\System32\IMM32.DLL
0x00007ffca1af0000 - 0x00007ffca1afc000 	C:\Program Files\Java\jdk-18.0.1.1\bin\vcruntime140_1.dll
0x00007ffc99cc0000 - 0x00007ffc99d4d000 	C:\Program Files\Java\jdk-18.0.1.1\bin\msvcp140.dll
0x00007ffc54200000 - 0x00007ffc54e10000 	C:\Program Files\Java\jdk-18.0.1.1\bin\server\jvm.dll
0x00007ffca7370000 - 0x00007ffca7378000 	C:\windows\System32\PSAPI.DLL
0x00007ffc90780000 - 0x00007ffc907a7000 	C:\windows\SYSTEM32\WINMM.dll
0x00007ffc99c60000 - 0x00007ffc99c69000 	C:\windows\SYSTEM32\WSOCK32.dll
0x00007ffca83e0000 - 0x00007ffca844b000 	C:\windows\System32\ws2_32.DLL
0x00007ffca3d80000 - 0x00007ffca3d92000 	C:\windows\SYSTEM32\kernel.appcore.dll
0x00007ffc87d80000 - 0x00007ffc87d8a000 	C:\Program Files\Java\jdk-18.0.1.1\bin\jimage.dll
0x00007ffc9b310000 - 0x00007ffc9b4f4000 	C:\windows\SYSTEM32\DBGHELP.DLL
0x00007ffc7c520000 - 0x00007ffc7c54c000 	C:\windows\SYSTEM32\dbgcore.DLL
0x00007ffca6060000 - 0x00007ffca60e2000 	C:\windows\System32\bcryptPrimitives.dll
0x00007ffc773a0000 - 0x00007ffc773db000 	C:\Program Files\Java\jdk-18.0.1.1\bin\jdwp.dll
0x00007ffc996c0000 - 0x00007ffc996ce000 	C:\Program Files\Java\jdk-18.0.1.1\bin\instrument.dll
0x00007ffc6a1f0000 - 0x00007ffc6a215000 	C:\Program Files\Java\jdk-18.0.1.1\bin\java.dll
0x00007ffc69700000 - 0x00007ffc69718000 	C:\Program Files\Java\jdk-18.0.1.1\bin\zip.dll
0x00007ffc69760000 - 0x00007ffc69836000 	C:\Program Files\Java\jdk-18.0.1.1\bin\jsvml.dll
0x00007ffca6b80000 - 0x00007ffca72c4000 	C:\windows\System32\SHELL32.dll
0x00007ffca3f80000 - 0x00007ffca4714000 	C:\windows\SYSTEM32\windows.storage.dll
0x00007ffca7fd0000 - 0x00007ffca8324000 	C:\windows\System32\combase.dll
0x00007ffca5750000 - 0x00007ffca5780000 	C:\windows\SYSTEM32\Wldp.dll
0x00007ffca8330000 - 0x00007ffca83dd000 	C:\windows\System32\SHCORE.dll
0x00007ffca7570000 - 0x00007ffca75c5000 	C:\windows\System32\shlwapi.dll
0x00007ffca5de0000 - 0x00007ffca5dff000 	C:\windows\SYSTEM32\profapi.dll
0x00007ffc83a50000 - 0x00007ffc83a5c000 	C:\Program Files\Java\jdk-18.0.1.1\bin\dt_socket.dll
0x00007ffca5240000 - 0x00007ffca527b000 	C:\windows\SYSTEM32\IPHLPAPI.DLL
0x00007ffca5530000 - 0x00007ffca559a000 	C:\windows\system32\mswsock.dll
0x00007ffc69740000 - 0x00007ffc69753000 	C:\Program Files\Java\jdk-18.0.1.1\bin\net.dll
0x00007ffca08d0000 - 0x00007ffca09da000 	C:\windows\SYSTEM32\WINHTTP.dll
0x00007ffc69720000 - 0x00007ffc69736000 	C:\Program Files\Java\jdk-18.0.1.1\bin\nio.dll
0x00007ffc84c30000 - 0x00007ffc84c39000 	C:\Program Files\Java\jdk-18.0.1.1\bin\management.dll
0x00007ffc84530000 - 0x00007ffc8453b000 	C:\Program Files\Java\jdk-18.0.1.1\bin\management_ext.dll
0x00007ffc99cb0000 - 0x00007ffc99cc0000 	C:\Program Files\Java\jdk-18.0.1.1\bin\verify.dll
0x00007ffca5a90000 - 0x00007ffca5aa8000 	C:\windows\SYSTEM32\CRYPTSP.dll
0x00007ffca4ed0000 - 0x00007ffca4f04000 	C:\windows\system32\rsaenh.dll
0x00007ffca6710000 - 0x00007ffca6737000 	C:\windows\System32\bcrypt.dll
0x00007ffca5da0000 - 0x00007ffca5dce000 	C:\windows\SYSTEM32\USERENV.dll
0x00007ffca56c0000 - 0x00007ffca56cc000 	C:\windows\SYSTEM32\CRYPTBASE.dll
0x00007ffca6b70000 - 0x00007ffca6b78000 	C:\windows\System32\NSI.dll
0x00007ffca1370000 - 0x00007ffca1387000 	C:\windows\SYSTEM32\dhcpcsvc6.DLL
0x00007ffca1350000 - 0x00007ffca136d000 	C:\windows\SYSTEM32\dhcpcsvc.DLL
0x00007ffca5280000 - 0x00007ffca534b000 	C:\windows\SYSTEM32\DNSAPI.dll
0x00007ffc83400000 - 0x00007ffc8340e000 	C:\Program Files\Java\jdk-18.0.1.1\bin\sunmscapi.dll
0x00007ffca61f0000 - 0x00007ffca6346000 	C:\windows\System32\CRYPT32.dll
0x00007ffca57c0000 - 0x00007ffca57e7000 	C:\windows\SYSTEM32\ncrypt.dll
0x00007ffca5780000 - 0x00007ffca57bb000 	C:\windows\SYSTEM32\NTASN1.dll
0x000000005c840000 - 0x000000005c866000 	C:\Program Files\Bonjour\mdnsNSP.dll
0x00007ffc9d120000 - 0x00007ffc9d12a000 	C:\Windows\System32\rasadhlp.dll
0x00007ffca1390000 - 0x00007ffca1410000 	C:\windows\System32\fwpuclnt.dll

dbghelp: loaded successfully - version: 4.0.5 - missing functions: none
symbol engine: initialized successfully - sym options: 0x614 - pdb path: .;C:\Program Files\Java\jdk-18.0.1.1\bin;C:\windows\SYSTEM32;C:\windows\WinSxS\amd64_microsoft.windows.common-controls_6595b64144ccf1df_6.0.19041.1110_none_60b5254171f9507e;C:\Program Files\Java\jdk-18.0.1.1\bin\server;C:\Program Files\Bonjour

VM Arguments:
jvm_args: -agentlib:jdwp=transport=dt_socket,address=127.0.0.1:54343,suspend=y,server=n -javaagent:C:\Users\logonrmlocal\AppData\Local\JetBrains\IdeaIC2022.1\captureAgent\debugger-agent.jar -Dfile.encoding=UTF-8 
java_command: com.example.demo.DemoApplication
java_class_path (initial): C:\Users\logonrmlocal\Downloads\maven\demo\target\classes;C:\Users\logonrmlocal\.m2\repository\org\springframework\boot\spring-boot-starter-data-jpa\3.0.5\spring-boot-starter-data-jpa-3.0.5.jar;C:\Users\logonrmlocal\.m2\repository\org\springframework\boot\spring-boot-starter-aop\3.0.5\spring-boot-starter-aop-3.0.5.jar;C:\Users\logonrmlocal\.m2\repository\org\springframework\spring-aop\6.0.7\spring-aop-6.0.7.jar;C:\Users\logonrmlocal\.m2\repository\org\aspectj\aspectjweaver\1.9.19\aspectjweaver-1.9.19.jar;C:\Users\logonrmlocal\.m2\repository\org\springframework\boot\spring-boot-starter-jdbc\3.0.5\spring-boot-starter-jdbc-3.0.5.jar;C:\Users\logonrmlocal\.m2\repository\com\zaxxer\HikariCP\5.0.1\HikariCP-5.0.1.jar;C:\Users\logonrmlocal\.m2\repository\org\springframework\spring-jdbc\6.0.7\spring-jdbc-6.0.7.jar;C:\Users\logonrmlocal\.m2\repository\org\hibernate\orm\hibernate-core\6.1.7.Final\hibernate-core-6.1.7.Final.jar;C:\Users\logonrmlocal\.m2\repository\jakarta\persistence\jakarta.persistence-api\3.1.0\jakarta.persistence-api-3.1.0.jar;C:\Users\logonrmlocal\.m2\repository\jakarta\transaction\jakarta.transaction-api\2.0.1\jakarta.transaction-api-2.0.1.jar;C:\Users\logonrmlocal\.m2\repository\org\jboss\logging\jboss-logging\3.5.0.Final\jboss-logging-3.5.0.Final.jar;C:\Users\logonrmlocal\.m2\repository\org\hibernate\common\hibernate-commons-annotations\6.0.6.Final\hibernate-commons-annotations-6.0.6.Final.jar;C:\Users\logonrmlocal\.m2\repository\org\jboss\jandex\2.4.2.Final\jandex-2.4.2.Final.jar;C:\Users\logonrmlocal\.m2\repository\com\fasterxml\classmate\1.5.1\classmate-1.5.1.jar;C:\Users\logonrmlocal\.m2\repository\net\bytebuddy\byte-buddy\1.12.23\byte-buddy-1.12.23.jar;C:\Users\logonrmlocal\.m2\repository\org\glassfish\jaxb\jaxb-runtime\4.0.2\jaxb-runtime-4.0.2.jar;C:\Users\logonrmlocal\.m2\repository\org\glassfish\jaxb\jaxb-core\4.0.2\jaxb-core-4.0.2.jar;C:\Users\logonrmlocal\.m2\repository\org\eclipse\angus\angus-activation\2.0.0\angus-activation-2.0.0.jar;C:\Users\logonrmlocal\.m2\repository\org\glassfish\jaxb\txw2\4.0.2\txw2-4.0.2.jar;C:\Users\logonrmlocal\.m2\repository\com\sun\istack\istack-commons-runtime\4.1.1\istack-commons-runtime-4.1.1.jar;C:\Users\logonrmlocal\.m2\repository\jakarta\inject\jakarta.inject-api\2.0.0\jakarta.inject-api-2.0.0.jar;C:\Users\logonrmlocal\.m2\repository\org\antlr\antlr4-runtime\4.10.1\antlr4-runtime-4.10.1.jar;C:\Users\logonrmlocal\.m2\repository\org\springframework\data\spring-data-jpa\3.0.4\spring-data-jpa-3.0.4.jar;C:\Users\logonrmlocal\.m2\repository\org\springframework\data\spring-data-commons\3.0.4\spring-data-commons-3.0.4.jar;C:\Users\logonrmlocal\.m2\repository\org\springframework\spring-orm\6.0.7\spring-orm-6.0.7.jar;C:\Users\logonrmlocal\.m2\repository\org\springframework\spring-context\6.0.7\spring-context-6.0.7.jar;C:\Users\logonrmlocal\.m2\repository\org\springframework\spring-tx\6.0.7\spring-tx-6.0.7.jar;C:\Users\logonrmlocal\.m2\repository\org\springframework\spring-beans\6.0.7\spring-beans-6.0.7.jar;C:\Users\logonrmlocal\.m2\repository\jakarta\annotation\jakarta.annotation-api\2.1.1\jakarta.annotation-api-2.1.1.jar;C:\Users\logonrmlocal\.m2\repository\org\slf4j\slf4j-api\2.0.7\slf4j-api-2.0.7.jar;C:\Users\logonrmlocal\.m2\repository\org\springframework\spring-aspects\6.0.7\spring-aspects-6.0.7.jar;C:\Users\logonrmlocal\.m2\repository\org\springframework\boot\spring-boot-starter-thymeleaf\3.0.5\spring-boot-starter-thymeleaf-3.0.5.jar;C:\Users\logonrmlocal\.m2\repository\org\springframework\boot\spring-boot-starter\3.0.5\spring-boot-starter-3.0.5.jar;C:\Users\logonrmlocal\.m2\repository\org\springframework\boot\spring-boot-starter-logging\3.0.5\spring-boot-starter-logging-3.0.5.jar;C:\Users\logonrmlocal\.m2\repository\ch\qos\logback\logback-classic\1.4.6\logback-classic-1.4.6.jar;C:\Users\logonrmlocal\.m2\repository\ch\qos\logback\logback-core\1.4.6\logback-core-1.4.6.jar;C:\Users\logonrmlocal\.m2\repository\org\apache\logging\log4j\log4j-to-slf4j\2.19.0\log4j-to-slf4j-2.19.0.jar;C:\Users\logonrmlocal\.m2\repository\org\apache\logging\log4j\log4j-api\2.19.0\log4j-api-2.19.0.jar;C:\Users\logonrmlocal\.m2\repository\org\slf4j\jul-to-slf4j\2.0.7\jul-to-slf4j-2.0.7.jar;C:\Users\logonrmlocal\.m2\repository\org\yaml\snakeyaml\1.33\snakeyaml-1.33.jar;C:\Users\logonrmlocal\.m2\repository\org\thymeleaf\thymeleaf-spring6\3.1.1.RELEASE\thymeleaf-spring6-3.1.1.RELEASE.jar;C:\Users\logonrmlocal\.m2\repository\org\thymeleaf\thymeleaf\3.1.1.RELEASE\thymeleaf-3.1.1.RELEASE.jar;C:\Users\logonrmlocal\.m2\repository\org\attoparser\attoparser\2.0.6.RELEASE\attoparser-2.0.6.RELEASE.jar;C:\Users\logonrmlocal\.m2\repository\org\unbescape\unbescape\1.1.6.RELEASE\unbescape-1.1.6.RELEASE.jar;C:\Users\logonrmlocal\.m2\repository\org\springframework\boot\spring-boot-starter-web\3.0.5\spring-boot-starter-web-3.0.5.jar;C:\Users\logonrmlocal\.m2\repository\org\springframework\boot\spring-boot-starter-json\3.0.5\spring-boot-starter-json-3.0.5.jar;C:\Users\logonrmlocal\.m2\repository\com\fasterxml\jackson\core\jackson-databind\2.14.2\jackson-databind-2.14.2.jar;C:\Users\logonrmlocal\.m2\repository\com\fasterxml\jackson\core\jackson-annotations\2.14.2\jackson-annotations-2.14.2.jar;C:\Users\logonrmlocal\.m2\repository\com\fasterxml\jackson\core\jackson-core\2.14.2\jackson-core-2.14.2.jar;C:\Users\logonrmlocal\.m2\repository\com\fasterxml\jackson\datatype\jackson-datatype-jdk8\2.14.2\jackson-datatype-jdk8-2.14.2.jar;C:\Users\logonrmlocal\.m2\repository\com\fasterxml\jackson\datatype\jackson-datatype-jsr310\2.14.2\jackson-datatype-jsr310-2.14.2.jar;C:\Users\logonrmlocal\.m2\repository\com\fasterxml\jackson\module\jackson-module-parameter-names\2.14.2\jackson-module-parameter-names-2.14.2.jar;C:\Users\logonrmlocal\.m2\repository\org\springframework\boot\spring-boot-starter-tomcat\3.0.5\spring-boot-starter-tomcat-3.0.5.jar;C:\Users\logonrmlocal\.m2\repository\org\apache\tomcat\embed\tomcat-embed-core\10.1.7\tomcat-embed-core-10.1.7.jar;C:\Users\logonrmlocal\.m2\repository\org\apache\tomcat\embed\tomcat-embed-el\10.1.7\tomcat-embed-el-10.1.7.jar;C:\Users\logonrmlocal\.m2\repository\org\apache\tomcat\embed\tomcat-embed-websocket\10.1.7\tomcat-embed-websocket-10.1.7.jar;C:\Users\logonrmlocal\.m2\repository\org\springframework\spring-web\6.0.7\spring-web-6.0.7.jar;C:\Users\logonrmlocal\.m2\repository\io\micrometer\micrometer-observation\1.10.5\micrometer-observation-1.10.5.jar;C:\Users\logonrmlocal\.m2\repository\io\micrometer\micrometer-commons\1.10.5\micrometer-commons-1.10.5.jar;C:\Users\logonrmlocal\.m2\repository\org\springframework\spring-webmvc\6.0.7\spring-webmvc-6.0.7.jar;C:\Users\logonrmlocal\.m2\repository\org\springframework\spring-expression\6.0.7\spring-expression-6.0.7.jar;C:\Users\logonrmlocal\.m2\repository\org\springframework\boot\spring-boot-devtools\3.0.5\spring-boot-devtools-3.0.5.jar;C:\Users\logonrmlocal\.m2\repository\org\springframework\boot\spring-boot\3.0.5\spring-boot-3.0.5.jar;C:\Users\logonrmlocal\.m2\repository\org\springframework\boot\spring-boot-autoconfigure\3.0.5\spring-boot-autoconfigure-3.0.5.jar;C:\Users\logonrmlocal\.m2\repository\com\mysql\mysql-connector-j\8.0.32\mysql-connector-j-8.0.32.jar;C:\Users\logonrmlocal\.m2\repository\org\springframework\boot\spring-boot-configuration-processor\3.0.5\spring-boot-configuration-processor-3.0.5.jar;C:\Users\logonrmlocal\.m2\repository\jakarta\xml\bind\jakarta.xml.bind-api\4.0.0\jakarta.xml.bind-api-4.0.0.jar;C:\Users\logonrmlocal\.m2\repository\jakarta\activation\jakarta.activation-api\2.1.1\jakarta.activation-api-2.1.1.jar;C:\Users\logonrmlocal\.m2\repository\org\springframework\spring-core\6.0.7\spring-core-6.0.7.jar;C:\Users\logonrmlocal\.m2\repository\org\springframework\spring-jcl\6.0.7\spring-jcl-6.0.7.jar;C:\Program Files\JetBrains\IntelliJ IDEA Community Edition 2022.1.2\lib\idea_rt.jar
Launcher Type: SUN_STANDARD

[Global flags]
     intx CICompilerCount                          = 3                                         {product} {ergonomic}
     uint ConcGCThreads                            = 1                                         {product} {ergonomic}
     uint G1ConcRefinementThreads                  = 4                                         {product} {ergonomic}
   size_t G1HeapRegionSize                         = 2097152                                   {product} {ergonomic}
    uintx GCDrainStackTargetSize                   = 64                                        {product} {ergonomic}
   size_t InitialHeapSize                          = 268435456                                 {product} {ergonomic}
   size_t MarkStackSize                            = 4194304                                   {product} {ergonomic}
   size_t MaxHeapSize                              = 4265607168                                {product} {ergonomic}
   size_t MaxNewSize                               = 2558525440                                {product} {ergonomic}
   size_t MinHeapDeltaBytes                        = 2097152                                   {product} {ergonomic}
   size_t MinHeapSize                              = 8388608                                   {product} {ergonomic}
    uintx NonNMethodCodeHeapSize                   = 5832780                                {pd product} {ergonomic}
    uintx NonProfiledCodeHeapSize                  = 122912730                              {pd product} {ergonomic}
    uintx ProfiledCodeHeapSize                     = 122912730                              {pd product} {ergonomic}
    uintx ReservedCodeCacheSize                    = 251658240                              {pd product} {ergonomic}
     bool SegmentedCodeCache                       = true                                      {product} {ergonomic}
   size_t SoftMaxHeapSize                          = 4265607168                             {manageable} {ergonomic}
     bool UseCompressedClassPointers               = true                           {product lp64_product} {ergonomic}
     bool UseCompressedOops                        = true                           {product lp64_product} {ergonomic}
     bool UseG1GC                                  = true                                      {product} {ergonomic}
     bool UseLargePagesIndividualAllocation        = false                                  {pd product} {ergonomic}

Logging:
Log output configuration:
 #0: stdout all=warning uptime,level,tags foldmultilines=false
 #1: stderr all=off uptime,level,tags foldmultilines=false

Environment Variables:
JAVA_HOME=C:\Program Files\Java\jdk1.8.0_333
PATH=C:\Program Files (x86)\VMware\VMware Workstation\bin\;C:\TwinCAT\Common64;C:\TwinCAT\Common32;C:\ProgramData\Anaconda3\Scripts;C:\ProgramData\Anaconda3;C:\Python27\;C:\Python27\Scripts;C:\Python310\Scripts\;C:\Python310\;C:\Program Files (x86)\NVIDIA Corporation\PhysX\Common;C:\Program Files\Microsoft MPI\Bin\;C:\Program Files\Common Files\Oracle\Java\javapath;C:\Program Files (x86)\Common Files\Oracle\Java\javapath;C:\Windows\system32;C:\Windows;C:\Windows\System32\Wbem;C:\Windows\System32\WindowsPowerShell\v1.0\;C:\Windows\System32\OpenSSH\;C:\Program Files\Microsoft VS Code\bin;C:\Program Files\Amazon\AWSCLIV2\;C:\Program Files (x86)\WinSCP\;C:\Opensource\apache-cassandra-3.11.13\bin;C:\xampp\php;C:\ProgramData\ComposerSetup\bin;C:\Opensource\apache-maven-3.8.6\bin;C:\Program Files\Microsoft SQL Server\120\Tools\Binn\;C:\Program Files\dotnet\;C:\Program Files\Microsoft SQL Server\Client SDK\ODBC\170\Tools\Binn\;C:\Program Files (x86)\Microsoft SQL Server\150\Tools\Binn\;C:\Program Files\Microsoft SQL Server\150\Tools\Binn\;C:\Program Files\Microsoft SQL Server\150\DTS\Binn\;C:\Program Files (x86)\Microsoft SQL Server\150\DTS\Binn\;C:\Program Files\Azure Data Studio\bin;C:\Program Files\PuTTY\;C:\Program Files (x86)\Windows Kits\8.1\Windows Performance Toolkit\;C:\Program Files\Git\cmd;C:\Program Files (x86)\Microchip\MPLAB C32 Suite\bin;C:\Program Files\nodejs\;C:\ProgramData\chocolatey\bin;C:\HashiCorp\Vagrant\bin;C:\src\flutter\bin;C:\Opensource\gradle-7.4.2\bin;C:\Opensource\terraform_1.2.2;C:\Program Files\Docker\Docker\resources\bin;C:\ProgramData\DockerDesktop\version-bin;C:\Android_SDK\tools;C:\Android_SDK\platform-tools;C:\Android_SDK\build-tools\33.0.0;C:\Program Files\Common Files\Autodesk Shared\;C:\Program Files\MySQL\MySQL Shell 8.0\bin\;C:\Users\logonrmlocal\AppData\Local\Microsoft\WindowsApps;C:\Users\logonrmlocal\AppData\Roaming\Composer\vendor\bin;C:\Users\logonrmlocal\AppData\Local\Programs\Rancher Desktop\resources\resources\win32\bin;C:\Users\logonrmlocal\AppData\Local\Programs\Rancher Desktop\resources\resources\linux\bin;C:\Program Files\Azure Data Studio\bin;C:\Users\logonrmlocal\AppData\Local\GitHubDesktop\bin;C:\Program Files\JetBrains\IntelliJ IDEA Community Edition 2022.1.2\bin;;C:\Users\logonrmlocal\AppData\Roaming\npm;C:\Users\logonrmlocal\.dotnet\tools;C:\intelFPGA_lite\18.1\modelsim_ase\win32aloem
USERNAME=logonrmlocal
OS=Windows_NT
PROCESSOR_IDENTIFIER=Intel64 Family 6 Model 42 Stepping 7, GenuineIntel



---------------  S Y S T E M  ---------------

OS:
 Windows 10 , 64 bit Build 19041 (10.0.19041.1806)
OS uptime: 0 days 9:56 hours
Hyper-V role detected

CPU: total 4 (initial active 4) (4 cores per cpu, 1 threads per core) family 6 model 42 stepping 7 microcode 0x2f, cx8, cmov, fxsr, mmx, sse, sse2, sse3, ssse3, sse4.1, sse4.2, popcnt, tsc, tscinvbit, avx, aes, clmul, vzeroupper, clflush, hv

Memory: 4k page, system-wide physical 16264M (1776M free)
TotalPageFile size 16264M (AvailPageFile size 5M)
current process WorkingSet (physical memory assigned to process): 338M, peak: 342M
current process commit charge ("private bytes"): 418M, peak: 421M

vm_info: Java HotSpot(TM) 64-Bit Server VM (18.0.1.1+2-6) for windows-amd64 JRE (18.0.1.1+2-6), built on Apr 25 2022 21:53:15 by "mach5one" with MS VC++ 16.8 / 16.9 (VS2019)

END.
